<?xml version="1.0" encoding="UTF-8"?>
<testng-results ignored="0" total="2" passed="2" failed="0" skipped="0">
  <reporter-output>
  </reporter-output>
  <suite started-at="2023-08-29T21:16:46 IST" name=" NopCommerce Automation Suite " finished-at="2023-08-29T21:17:11 IST" duration-ms="25453">
    <groups>
    </groups>
    <test started-at="2023-08-29T21:16:46 IST" name=" Test Suite" finished-at="2023-08-29T21:17:11 IST" duration-ms="25453">
      <class name="TestCases.Login_TC">
        <test-method is-config="true" signature="setUp()[pri:0, instance:TestCases.Login_TC@4d1c005e]" started-at="2023-08-29T21:16:46 IST" name="setUp" finished-at="2023-08-29T21:16:58 IST" duration-ms="12601" status="PASS">
          <reporter-output>
          </reporter-output>
        </test-method> <!-- setUp -->
        <test-method signature="loginTestCase()[pri:0, instance:TestCases.Login_TC@4d1c005e]" started-at="2023-08-29T21:16:58 IST" name="loginTestCase" finished-at="2023-08-29T21:17:01 IST" duration-ms="2954" status="PASS">
          <reporter-output>
          </reporter-output>
        </test-method> <!-- loginTestCase -->
        <test-method is-config="true" signature="TearDown()[pri:0, instance:TestCases.Login_TC@4d1c005e]" started-at="2023-08-29T21:17:11 IST" name="TearDown" finished-at="2023-08-29T21:17:11 IST" duration-ms="1" status="PASS">
          <reporter-output>
          </reporter-output>
        </test-method> <!-- TearDown -->
      </class> <!-- TestCases.Login_TC -->
      <class name="TestCases.catalog_TC002">
        <test-method signature="CatalogTC()[pri:0, instance:TestCases.catalog_TC002@7c37508a]" started-at="2023-08-29T21:17:01 IST" name="CatalogTC" finished-at="2023-08-29T21:17:11 IST" duration-ms="9706" status="PASS">
          <reporter-output>
          </reporter-output>
        </test-method> <!-- CatalogTC -->
      </class> <!-- TestCases.catalog_TC002 -->
    </test> <!--  Test Suite -->
  </suite> <!--  NopCommerce Automation Suite  -->
</testng-results>
